文法

    0 $accept: prog $end

    1 prog: PROGRAM prog_name VAR dec_list PBEGIN stmt_list END '.'

    2 prog_name: ID

    3 dec_list: dec
    4         | dec_list ';' dec

    5 dec: id_list ':' type

    6 type: INTEGER

    7 id_list: ID
    8        | id_list ',' ID

    9 stmt_list: stmt
   10          | stmt_list ';' stmt

   11 stmt: assign
   12     | read
   13     | write
   14     | for

   15 assign: ID ':' '=' exp

   16 exp: exp '+' exp
   17    | exp '-' exp
   18    | exp '*' exp
   19    | exp DIV exp
   20    | INT
   21    | ID
   22    | '(' exp ')'

   23 read: READ '(' id_list ')'

   24 write: WRITE '(' id_list ')'

   25 for: FOR index_exp DO body

   26 index_exp: ID ':' '=' exp TO exp

   27 body: stmt
   28     | PBEGIN stmt_list END


終結語詞，附有它們出現處的規則

$end (0) 0
'(' (40) 22 23 24
')' (41) 22 23 24
'*' (42) 18
'+' (43) 16
',' (44) 8
'-' (45) 17
'.' (46) 1
':' (58) 5 15 26
';' (59) 4 10
'=' (61) 15 26
error (256)
PROGRAM (258) 1
VAR (259) 1
PBEGIN (260) 1 28
END (261) 1 28
INTEGER (262) 6
FOR (263) 25
TO (264) 26
DO (265) 25
READ (266) 23
WRITE (267) 24
INT (268) 20
ID (269) 2 7 8 15 21 26
DIV (270) 19


非終結語詞，附有它們出現處的規則

$accept (26)
    於左側： 0
prog (27)
    於左側： 1,於右側： 0
prog_name (28)
    於左側： 2,於右側： 1
dec_list (29)
    於左側： 3 4,於右側： 1 4
dec (30)
    於左側： 5,於右側： 3 4
type (31)
    於左側： 6,於右側： 5
id_list (32)
    於左側： 7 8,於右側： 5 8 23 24
stmt_list (33)
    於左側： 9 10,於右側： 1 10 28
stmt (34)
    於左側： 11 12 13 14,於右側： 9 10 27
assign (35)
    於左側： 15,於右側： 11
exp (36)
    於左側： 16 17 18 19 20 21 22,於右側： 15 16 17 18 19 22
    26
read (37)
    於左側： 23,於右側： 12
write (38)
    於左側： 24,於右側： 13
for (39)
    於左側： 25,於右側： 14
index_exp (40)
    於左側： 26,於右側： 25
body (41)
    於左側： 27 28,於右側： 25


狀態 0

    0 $accept: . prog $end

    PROGRAM  偏移，並進入狀態 1

    prog  進入狀態 2


狀態 1

    1 prog: PROGRAM . prog_name VAR dec_list PBEGIN stmt_list END '.'

    ID  偏移，並進入狀態 3

    prog_name  進入狀態 4


狀態 2

    0 $accept: prog . $end

    $end  偏移，並進入狀態 5


狀態 3

    2 prog_name: ID .

    $預設  使用規則 2 以縮減 (prog_name)


狀態 4

    1 prog: PROGRAM prog_name . VAR dec_list PBEGIN stmt_list END '.'

    VAR  偏移，並進入狀態 6


狀態 5

    0 $accept: prog $end .

    $預設  接受


狀態 6

    1 prog: PROGRAM prog_name VAR . dec_list PBEGIN stmt_list END '.'

    ID  偏移，並進入狀態 7

    dec_list  進入狀態 8
    dec       進入狀態 9
    id_list   進入狀態 10


狀態 7

    7 id_list: ID .

    $預設  使用規則 7 以縮減 (id_list)


狀態 8

    1 prog: PROGRAM prog_name VAR dec_list . PBEGIN stmt_list END '.'
    4 dec_list: dec_list . ';' dec

    PBEGIN  偏移，並進入狀態 11
    ';'     偏移，並進入狀態 12


狀態 9

    3 dec_list: dec .

    $預設  使用規則 3 以縮減 (dec_list)


狀態 10

    5 dec: id_list . ':' type
    8 id_list: id_list . ',' ID

    ':'  偏移，並進入狀態 13
    ','  偏移，並進入狀態 14


狀態 11

    1 prog: PROGRAM prog_name VAR dec_list PBEGIN . stmt_list END '.'

    FOR    偏移，並進入狀態 15
    READ   偏移，並進入狀態 16
    WRITE  偏移，並進入狀態 17
    ID     偏移，並進入狀態 18

    stmt_list  進入狀態 19
    stmt       進入狀態 20
    assign     進入狀態 21
    read       進入狀態 22
    write      進入狀態 23
    for        進入狀態 24


狀態 12

    4 dec_list: dec_list ';' . dec

    ID  偏移，並進入狀態 7

    dec      進入狀態 25
    id_list  進入狀態 10


狀態 13

    5 dec: id_list ':' . type

    INTEGER  偏移，並進入狀態 26

    type  進入狀態 27


狀態 14

    8 id_list: id_list ',' . ID

    ID  偏移，並進入狀態 28


狀態 15

   25 for: FOR . index_exp DO body

    ID  偏移，並進入狀態 29

    index_exp  進入狀態 30


狀態 16

   23 read: READ . '(' id_list ')'

    '('  偏移，並進入狀態 31


狀態 17

   24 write: WRITE . '(' id_list ')'

    '('  偏移，並進入狀態 32


狀態 18

   15 assign: ID . ':' '=' exp

    ':'  偏移，並進入狀態 33


狀態 19

    1 prog: PROGRAM prog_name VAR dec_list PBEGIN stmt_list . END '.'
   10 stmt_list: stmt_list . ';' stmt

    END  偏移，並進入狀態 34
    ';'  偏移，並進入狀態 35


狀態 20

    9 stmt_list: stmt .

    $預設  使用規則 9 以縮減 (stmt_list)


狀態 21

   11 stmt: assign .

    $預設  使用規則 11 以縮減 (stmt)


狀態 22

   12 stmt: read .

    $預設  使用規則 12 以縮減 (stmt)


狀態 23

   13 stmt: write .

    $預設  使用規則 13 以縮減 (stmt)


狀態 24

   14 stmt: for .

    $預設  使用規則 14 以縮減 (stmt)


狀態 25

    4 dec_list: dec_list ';' dec .

    $預設  使用規則 4 以縮減 (dec_list)


狀態 26

    6 type: INTEGER .

    $預設  使用規則 6 以縮減 (type)


狀態 27

    5 dec: id_list ':' type .

    $預設  使用規則 5 以縮減 (dec)


狀態 28

    8 id_list: id_list ',' ID .

    $預設  使用規則 8 以縮減 (id_list)


狀態 29

   26 index_exp: ID . ':' '=' exp TO exp

    ':'  偏移，並進入狀態 36


狀態 30

   25 for: FOR index_exp . DO body

    DO  偏移，並進入狀態 37


狀態 31

   23 read: READ '(' . id_list ')'

    ID  偏移，並進入狀態 7

    id_list  進入狀態 38


狀態 32

   24 write: WRITE '(' . id_list ')'

    ID  偏移，並進入狀態 7

    id_list  進入狀態 39


狀態 33

   15 assign: ID ':' . '=' exp

    '='  偏移，並進入狀態 40


狀態 34

    1 prog: PROGRAM prog_name VAR dec_list PBEGIN stmt_list END . '.'

    '.'  偏移，並進入狀態 41


狀態 35

   10 stmt_list: stmt_list ';' . stmt

    FOR    偏移，並進入狀態 15
    READ   偏移，並進入狀態 16
    WRITE  偏移，並進入狀態 17
    ID     偏移，並進入狀態 18

    stmt    進入狀態 42
    assign  進入狀態 21
    read    進入狀態 22
    write   進入狀態 23
    for     進入狀態 24


狀態 36

   26 index_exp: ID ':' . '=' exp TO exp

    '='  偏移，並進入狀態 43


狀態 37

   25 for: FOR index_exp DO . body

    PBEGIN  偏移，並進入狀態 44
    FOR     偏移，並進入狀態 15
    READ    偏移，並進入狀態 16
    WRITE   偏移，並進入狀態 17
    ID      偏移，並進入狀態 18

    stmt    進入狀態 45
    assign  進入狀態 21
    read    進入狀態 22
    write   進入狀態 23
    for     進入狀態 24
    body    進入狀態 46


狀態 38

    8 id_list: id_list . ',' ID
   23 read: READ '(' id_list . ')'

    ','  偏移，並進入狀態 14
    ')'  偏移，並進入狀態 47


狀態 39

    8 id_list: id_list . ',' ID
   24 write: WRITE '(' id_list . ')'

    ','  偏移，並進入狀態 14
    ')'  偏移，並進入狀態 48


狀態 40

   15 assign: ID ':' '=' . exp

    INT  偏移，並進入狀態 49
    ID   偏移，並進入狀態 50
    '('  偏移，並進入狀態 51

    exp  進入狀態 52


狀態 41

    1 prog: PROGRAM prog_name VAR dec_list PBEGIN stmt_list END '.' .

    $預設  使用規則 1 以縮減 (prog)


狀態 42

   10 stmt_list: stmt_list ';' stmt .

    $預設  使用規則 10 以縮減 (stmt_list)


狀態 43

   26 index_exp: ID ':' '=' . exp TO exp

    INT  偏移，並進入狀態 49
    ID   偏移，並進入狀態 50
    '('  偏移，並進入狀態 51

    exp  進入狀態 53


狀態 44

   28 body: PBEGIN . stmt_list END

    FOR    偏移，並進入狀態 15
    READ   偏移，並進入狀態 16
    WRITE  偏移，並進入狀態 17
    ID     偏移，並進入狀態 18

    stmt_list  進入狀態 54
    stmt       進入狀態 20
    assign     進入狀態 21
    read       進入狀態 22
    write      進入狀態 23
    for        進入狀態 24


狀態 45

   27 body: stmt .

    $預設  使用規則 27 以縮減 (body)


狀態 46

   25 for: FOR index_exp DO body .

    $預設  使用規則 25 以縮減 (for)


狀態 47

   23 read: READ '(' id_list ')' .

    $預設  使用規則 23 以縮減 (read)


狀態 48

   24 write: WRITE '(' id_list ')' .

    $預設  使用規則 24 以縮減 (write)


狀態 49

   20 exp: INT .

    $預設  使用規則 20 以縮減 (exp)


狀態 50

   21 exp: ID .

    $預設  使用規則 21 以縮減 (exp)


狀態 51

   22 exp: '(' . exp ')'

    INT  偏移，並進入狀態 49
    ID   偏移，並進入狀態 50
    '('  偏移，並進入狀態 51

    exp  進入狀態 55


狀態 52

   15 assign: ID ':' '=' exp .
   16 exp: exp . '+' exp
   17    | exp . '-' exp
   18    | exp . '*' exp
   19    | exp . DIV exp

    '+'  偏移，並進入狀態 56
    '-'  偏移，並進入狀態 57
    '*'  偏移，並進入狀態 58
    DIV  偏移，並進入狀態 59

    $預設  使用規則 15 以縮減 (assign)


狀態 53

   16 exp: exp . '+' exp
   17    | exp . '-' exp
   18    | exp . '*' exp
   19    | exp . DIV exp
   26 index_exp: ID ':' '=' exp . TO exp

    TO   偏移，並進入狀態 60
    '+'  偏移，並進入狀態 56
    '-'  偏移，並進入狀態 57
    '*'  偏移，並進入狀態 58
    DIV  偏移，並進入狀態 59


狀態 54

   10 stmt_list: stmt_list . ';' stmt
   28 body: PBEGIN stmt_list . END

    END  偏移，並進入狀態 61
    ';'  偏移，並進入狀態 35


狀態 55

   16 exp: exp . '+' exp
   17    | exp . '-' exp
   18    | exp . '*' exp
   19    | exp . DIV exp
   22    | '(' exp . ')'

    '+'  偏移，並進入狀態 56
    '-'  偏移，並進入狀態 57
    '*'  偏移，並進入狀態 58
    DIV  偏移，並進入狀態 59
    ')'  偏移，並進入狀態 62


狀態 56

   16 exp: exp '+' . exp

    INT  偏移，並進入狀態 49
    ID   偏移，並進入狀態 50
    '('  偏移，並進入狀態 51

    exp  進入狀態 63


狀態 57

   17 exp: exp '-' . exp

    INT  偏移，並進入狀態 49
    ID   偏移，並進入狀態 50
    '('  偏移，並進入狀態 51

    exp  進入狀態 64


狀態 58

   18 exp: exp '*' . exp

    INT  偏移，並進入狀態 49
    ID   偏移，並進入狀態 50
    '('  偏移，並進入狀態 51

    exp  進入狀態 65


狀態 59

   19 exp: exp DIV . exp

    INT  偏移，並進入狀態 49
    ID   偏移，並進入狀態 50
    '('  偏移，並進入狀態 51

    exp  進入狀態 66


狀態 60

   26 index_exp: ID ':' '=' exp TO . exp

    INT  偏移，並進入狀態 49
    ID   偏移，並進入狀態 50
    '('  偏移，並進入狀態 51

    exp  進入狀態 67


狀態 61

   28 body: PBEGIN stmt_list END .

    $預設  使用規則 28 以縮減 (body)


狀態 62

   22 exp: '(' exp ')' .

    $預設  使用規則 22 以縮減 (exp)


狀態 63

   16 exp: exp . '+' exp
   16    | exp '+' exp .
   17    | exp . '-' exp
   18    | exp . '*' exp
   19    | exp . DIV exp

    '*'  偏移，並進入狀態 58
    DIV  偏移，並進入狀態 59

    $預設  使用規則 16 以縮減 (exp)


狀態 64

   16 exp: exp . '+' exp
   17    | exp . '-' exp
   17    | exp '-' exp .
   18    | exp . '*' exp
   19    | exp . DIV exp

    '*'  偏移，並進入狀態 58
    DIV  偏移，並進入狀態 59

    $預設  使用規則 17 以縮減 (exp)


狀態 65

   16 exp: exp . '+' exp
   17    | exp . '-' exp
   18    | exp . '*' exp
   18    | exp '*' exp .
   19    | exp . DIV exp

    $預設  使用規則 18 以縮減 (exp)


狀態 66

   16 exp: exp . '+' exp
   17    | exp . '-' exp
   18    | exp . '*' exp
   19    | exp . DIV exp
   19    | exp DIV exp .

    $預設  使用規則 19 以縮減 (exp)


狀態 67

   16 exp: exp . '+' exp
   17    | exp . '-' exp
   18    | exp . '*' exp
   19    | exp . DIV exp
   26 index_exp: ID ':' '=' exp TO exp .

    '+'  偏移，並進入狀態 56
    '-'  偏移，並進入狀態 57
    '*'  偏移，並進入狀態 58
    DIV  偏移，並進入狀態 59

    $預設  使用規則 26 以縮減 (index_exp)
